[debug] [2018-01-13T17:02:37.173Z] ----------------------------------------------------------------------
[debug] [2018-01-13T17:02:37.189Z] Command:       C:\Program Files\nodejs\node.exe C:\Users\Arsen\AppData\Roaming\npm\node_modules\firebase-tools\bin\firebase serve
[debug] [2018-01-13T17:02:37.189Z] CLI Version:   3.16.0
[debug] [2018-01-13T17:02:37.189Z] Platform:      win32
[debug] [2018-01-13T17:02:37.189Z] Node Version:  v9.4.0
[debug] [2018-01-13T17:02:37.189Z] Time:          Sat Jan 13 2018 20:02:37 GMT+0300 (RTZ 2 (зима))
[debug] [2018-01-13T17:02:37.189Z] ----------------------------------------------------------------------
[debug] 
[debug] [2018-01-13T17:02:37.204Z] > command requires scopes: ["email","openid","https://www.googleapis.com/auth/cloudplatformprojects.readonly","https://www.googleapis.com/auth/firebase","https://www.googleapis.com/auth/cloud-platform"]
[debug] [2018-01-13T17:02:37.204Z] > authorizing via signed-in user
[debug] [2018-01-13T17:02:37.204Z] > refreshing access token with scopes: ["email","https://www.googleapis.com/auth/cloud-platform","https://www.googleapis.com/auth/cloudplatformprojects.readonly","https://www.googleapis.com/auth/firebase","openid"]
[debug] [2018-01-13T17:02:37.204Z] >>> HTTP REQUEST POST https://www.googleapis.com/oauth2/v3/token  
 { refresh_token: '1/xbZvSLgFIxeMFVbehuvwXv3lGp8chkxctfps91kWTho',
  client_id: '563584335869-fgrhgmd47bqnekij5i8b5pr03ho849e6.apps.googleusercontent.com',
  client_secret: 'j9iVZfS8kkCEFUPaAeJV0sAi',
  grant_type: 'refresh_token',
  scope: 'email https://www.googleapis.com/auth/cloud-platform https://www.googleapis.com/auth/cloudplatformprojects.readonly https://www.googleapis.com/auth/firebase openid' } 
 Sat Jan 13 2018 20:02:37 GMT+0300 (RTZ 2 (зима))
[debug] [2018-01-13T17:02:37.517Z] <<< HTTP RESPONSE 200
[debug] [2018-01-13T17:02:37.517Z] >>> HTTP REQUEST GET https://admin.firebase.com/v1/projects/test-b2ab6  
  
 Sat Jan 13 2018 20:02:37 GMT+0300 (RTZ 2 (зима))
[debug] [2018-01-13T17:02:38.299Z] <<< HTTP RESPONSE 200
[debug] [2018-01-13T17:02:38.299Z] >>> HTTP REQUEST GET https://admin.firebase.com/v1/database/test-b2ab6/tokens  
  
 Sat Jan 13 2018 20:02:38 GMT+0300 (RTZ 2 (зима))
[debug] [2018-01-13T17:02:39.143Z] <<< HTTP RESPONSE 200
[info] 
[info] === Serving from 'c:\Disk\secret_santa_js'...
[info] 
[debug] [2018-01-13T17:02:39.158Z] >>> HTTP REQUEST GET https://cloudresourcemanager.googleapis.com/v1/projects/test-b2ab6  
  
 Sat Jan 13 2018 20:02:39 GMT+0300 (RTZ 2 (зима))
[debug] [2018-01-13T17:02:40.146Z] <<< HTTP RESPONSE 200
[debug] [2018-01-13T17:02:40.146Z] >>> HTTP REQUEST GET https://mobilesdk-pa.googleapis.com/v1/projects/680973811456/clients/_:getWebAppConfig  
  
 Sat Jan 13 2018 20:02:40 GMT+0300 (RTZ 2 (зима))
[debug] [2018-01-13T17:02:41.054Z] <<< HTTP RESPONSE 200
[info] i  hosting: Serving hosting files from: public
[info] +  hosting: Local server: http://localhost:5000

